<?xml version="1.0" encoding="UTF-8"?>
<testng-results ignored="0" total="2" passed="2" failed="0" skipped="0">
  <reporter-output>
  </reporter-output>
  <suite started-at="2023-03-24T10:35:04 IST" name="Suite" finished-at="2023-03-24T10:35:42 IST" duration-ms="38445">
    <groups>
    </groups>
    <test started-at="2023-03-24T10:35:04 IST" name="Test" finished-at="2023-03-24T10:35:42 IST" duration-ms="38445">
      <class name="com.automation.testcases.TC_LoginDDT_002">
        <test-method is-config="true" signature="setup()[pri:0, instance:com.automation.testcases.TC_LoginDDT_002@2d7275fc]" started-at="2023-03-24T10:35:04 IST" name="setup" finished-at="2023-03-24T10:35:15 IST" duration-ms="11262" status="PASS">
          <reporter-output>
          </reporter-output>
        </test-method> <!-- setup -->
        <test-method signature="loginDDT(java.lang.String,java.lang.String)[pri:0, instance:com.automation.testcases.TC_LoginDDT_002@2d7275fc]" started-at="2023-03-24T10:35:17 IST" name="loginDDT" data-provider="LoginData" finished-at="2023-03-24T10:35:31 IST" duration-ms="13948" status="PASS">
          <params>
            <param index="0">
              <value>
                <![CDATA[mngr484427]]>
              </value>
            </param>
            <param index="1">
              <value>
                <![CDATA[tamygyr]]>
              </value>
            </param>
          </params>
          <reporter-output>
          </reporter-output>
        </test-method> <!-- loginDDT -->
        <test-method is-config="true" signature="tearDown()[pri:0, instance:com.automation.testcases.TC_LoginDDT_002@2d7275fc]" started-at="2023-03-24T10:35:31 IST" name="tearDown" finished-at="2023-03-24T10:35:31 IST" duration-ms="537" status="PASS">
          <reporter-output>
          </reporter-output>
        </test-method> <!-- tearDown -->
      </class> <!-- com.automation.testcases.TC_LoginDDT_002 -->
      <class name="com.automation.testcases.TC_LoginTest_001">
        <test-method is-config="true" signature="setup()[pri:0, instance:com.automation.testcases.TC_LoginTest_001@36bc55de]" started-at="2023-03-24T10:35:31 IST" name="setup" finished-at="2023-03-24T10:35:39 IST" duration-ms="7460" status="PASS">
          <reporter-output>
          </reporter-output>
        </test-method> <!-- setup -->
        <test-method signature="loginTest()[pri:0, instance:com.automation.testcases.TC_LoginTest_001@36bc55de]" started-at="2023-03-24T10:35:39 IST" name="loginTest" finished-at="2023-03-24T10:35:42 IST" duration-ms="2750" status="PASS">
          <reporter-output>
          </reporter-output>
        </test-method> <!-- loginTest -->
        <test-method is-config="true" signature="tearDown()[pri:0, instance:com.automation.testcases.TC_LoginTest_001@36bc55de]" started-at="2023-03-24T10:35:42 IST" name="tearDown" finished-at="2023-03-24T10:35:42 IST" duration-ms="435" status="PASS">
          <reporter-output>
          </reporter-output>
        </test-method> <!-- tearDown -->
      </class> <!-- com.automation.testcases.TC_LoginTest_001 -->
    </test> <!-- Test -->
  </suite> <!-- Suite -->
</testng-results>
